TN:
SF:app.js
FN:11,(anonymous_0)
FNF:1
FNH:0
FNDA:0,(anonymous_0)
DA:1,1
DA:2,1
DA:3,1
DA:5,1
DA:7,1
DA:8,1
DA:11,1
DA:12,0
DA:15,1
LF:9
LH:8
BRF:0
BRH:0
end_of_record
TN:
SF:server.js
FN:23,(anonymous_0)
FN:26,(anonymous_1)
FN:30,(anonymous_2)
FNF:3
FNH:0
FNDA:0,(anonymous_0)
FNDA:0,(anonymous_1)
FNDA:0,(anonymous_2)
DA:1,1
DA:2,1
DA:3,1
DA:4,1
DA:6,1
DA:8,1
DA:11,1
DA:12,1
DA:15,1
DA:18,1
DA:21,1
DA:22,0
DA:24,0
DA:25,0
DA:26,0
DA:27,0
DA:31,0
DA:35,1
LF:18
LH:12
BRDA:21,0,0,0
BRDA:21,0,1,1
BRDA:25,1,0,0
BRDA:25,1,1,0
BRF:4
BRH:1
end_of_record
TN:
SF:controllers\bookController.js
FN:4,(anonymous_0)
FN:14,(anonymous_1)
FN:27,(anonymous_2)
FN:38,(anonymous_3)
FN:51,(anonymous_4)
FNF:5
FNH:4
FNDA:1,(anonymous_0)
FNDA:1,(anonymous_1)
FNDA:1,(anonymous_2)
FNDA:0,(anonymous_3)
FNDA:1,(anonymous_4)
DA:1,3
DA:4,3
DA:5,1
DA:6,1
DA:7,1
DA:9,0
DA:14,3
DA:15,1
DA:16,1
DA:17,1
DA:18,0
DA:20,1
DA:22,0
DA:27,3
DA:28,1
DA:29,1
DA:30,1
DA:32,0
DA:33,0
DA:38,3
DA:39,0
DA:40,0
DA:41,0
DA:42,0
DA:44,0
DA:46,0
DA:51,3
DA:52,1
DA:53,1
DA:54,1
DA:55,0
DA:57,1
DA:59,0
LF:33
LH:20
BRDA:17,0,0,0
BRDA:17,0,1,1
BRDA:41,1,0,0
BRDA:41,1,1,0
BRDA:54,2,0,0
BRDA:54,2,1,1
BRF:6
BRH:2
end_of_record
TN:
SF:models\Book.js
FNF:0
FNH:0
DA:1,5
DA:3,5
DA:10,5
LF:3
LH:3
BRDA:10,0,0,5
BRDA:10,0,1,3
BRF:2
BRH:2
end_of_record
TN:
SF:routes\books.js
FNF:0
FNH:0
DA:3,2
DA:4,2
DA:13,2
DA:16,2
DA:17,2
DA:18,2
DA:19,2
DA:20,2
DA:22,2
LF:9
LH:9
BRF:0
BRH:0
end_of_record
